<?xml version="1.0" encoding="UTF-8"?>
<!-- Generated by org.testng.reporters.JUnitReportReporter -->
<testsuite skipped="0" hostname="LAPTOP-22FJM99N" name="automationpractice.test" tests="1" failures="0" timestamp="17 May 2020 12:46:46 GMT" time="35.473" errors="0">
  <testcase name="createaccount" time="35.473" classname="automationpractice.test"/>
</testsuite> <!-- automationpractice.test -->
