<?xml version="1.0" encoding="UTF-8"?>
<!-- Generated by org.testng.reporters.JUnitReportReporter -->
<testsuite skipped="0" hostname="LAPTOP-22FJM99N" name="automationpractice.CreateAccount" tests="1" failures="0" timestamp="20 May 2020 00:07:18 GMT" time="33.909" errors="0">
  <testcase name="CreateNewAccount" time="33.909" classname="automationpractice.CreateAccount"/>
</testsuite> <!-- automationpractice.CreateAccount -->
