<?xml version="1.0" encoding="UTF-8"?>
<!-- Generated by org.testng.reporters.JUnitReportReporter -->
<testsuite skipped="0" hostname="LAPTOP-22FJM99N" name="automationpractice.DiptiCreateAcc" tests="1" failures="0" timestamp="17 May 2020 17:31:34 GMT" time="38.447" errors="0">
  <testcase name="CreateAcc" time="38.447" classname="automationpractice.DiptiCreateAcc"/>
</testsuite> <!-- automationpractice.DiptiCreateAcc -->
