<?xml version="1.0" encoding="UTF-8"?>
<!-- Generated by org.testng.reporters.JUnitReportReporter -->
<testsuite skipped="0" hostname="LAPTOP-22FJM99N" name="automationpractice.WomenApprarelAddToCart" tests="1" failures="0" timestamp="17 May 2020 20:24:27 GMT" time="66.075" errors="0">
  <testcase name="Women_Tshirt_addCart" time="66.075" classname="automationpractice.WomenApprarelAddToCart"/>
</testsuite> <!-- automationpractice.WomenApprarelAddToCart -->
