<?xml version="1.0" encoding="UTF-8"?>
<!-- Generated by org.testng.reporters.JUnitReportReporter -->
<testsuite skipped="0" hostname="LAPTOP-22FJM99N" name="automationpractice.UserLogin" tests="1" failures="0" timestamp="20 May 2020 00:07:45 GMT" time="21.585" errors="0">
  <testcase name="LogintoApplication" time="21.585" classname="automationpractice.UserLogin"/>
</testsuite> <!-- automationpractice.UserLogin -->
