<?xml version="1.0" encoding="UTF-8"?>
<!-- Generated by org.testng.reporters.JUnitReportReporter -->
<testsuite skipped="0" hostname="LAPTOP-22FJM99N" name="automationpractice.WomenApparelPurchase" tests="1" failures="0" timestamp="20 May 2020 00:04:43 GMT" time="57.595" errors="0">
  <testcase name="Women_Tshirt_Purchase" time="57.595" classname="automationpractice.WomenApparelPurchase"/>
</testsuite> <!-- automationpractice.WomenApparelPurchase -->
